<?xml version="1.0" encoding="UTF-8"?>
<!-- Generated by org.testng.reporters.JUnitReportReporter -->
<testsuite skipped="0" hostname="Nitesh" name="com.provar.utilities.WriteExcel" tests="1" failures="0" timestamp="25 Sep 2017 12:35:19 GMT" time="0.584" errors="0">
  <testcase name="test" time="0.584" classname="com.provar.utilities.WriteExcel"/>
</testsuite> <!-- com.provar.utilities.WriteExcel -->
