<?xml version="1.0" encoding="UTF-8"?>
<!-- Generated by org.testng.reporters.JUnitReportReporter -->
<testsuite skipped="0" hostname="Nitesh" name="com.provar.POM.newTest" tests="1" failures="0" timestamp="22 Sep 2017 14:38:33 GMT" time="17.267" errors="0">
  <testcase name="f" time="17.267" classname="com.provar.POM.newTest"/>
</testsuite> <!-- com.provar.POM.newTest -->
