<?xml version="1.0" encoding="UTF-8"?>
<!-- Generated by org.testng.reporters.JUnitReportReporter -->
<testsuite skipped="0" hostname="Nitesh" name="com.provar.utilities.Launch_url" tests="1" failures="0" timestamp="22 Sep 2017 14:21:00 GMT" time="12.239" errors="0">
  <testcase name="base_url" time="12.239" classname="com.provar.utilities.Launch_url"/>
</testsuite> <!-- com.provar.utilities.Launch_url -->
