<?xml version="1.0" encoding="UTF-8"?>
<!-- Generated by org.testng.reporters.JUnitReportReporter -->
<testsuite skipped="0" hostname="Nitesh" name="com.provar.utilities.ReadWriteExcel" tests="1" failures="0" timestamp="25 Sep 2017 12:35:33 GMT" time="0.507" errors="0">
  <testcase name="test" time="0.507" classname="com.provar.utilities.ReadWriteExcel"/>
</testsuite> <!-- com.provar.utilities.ReadWriteExcel -->
