<?xml version="1.0" encoding="UTF-8"?>
<!-- Generated by org.testng.reporters.JUnitReportReporter -->
<testsuite skipped="0" hostname="Nitesh" name="com.provar.test.NewTest" tests="1" failures="0" timestamp="24 Oct 2017 12:46:12 GMT" time="46.631" errors="0">
  <testcase name="test1" time="46.631" classname="com.provar.test.NewTest"/>
</testsuite> <!-- com.provar.test.NewTest -->
