<?xml version="1.0" encoding="UTF-8"?>
<!-- Generated by org.testng.reporters.JUnitReportReporter -->
<testsuite skipped="0" hostname="Nitesh" name="com.provar.utilities.CaptureScreenShot" tests="1" failures="0" timestamp="21 Sep 2017 15:18:38 GMT" time="3.248" errors="0">
  <testcase name="take_screenshoot" time="3.248" classname="com.provar.utilities.CaptureScreenShot"/>
</testsuite> <!-- com.provar.utilities.CaptureScreenShot -->
