<?xml version="1.0" encoding="UTF-8"?>
<!-- Generated by org.testng.reporters.JUnitReportReporter -->
<testsuite skipped="0" hostname="Nitesh" name="com.provar.test.AccountTest" tests="8" failures="0" timestamp="29 Oct 2017 08:49:14 GMT" time="496.609" errors="0">
  <testcase name="selectRecord" time="77.247" classname="com.provar.test.AccountTest"/>
  <testcase name="UpdateAndAssertRecord" time="88.615" classname="com.provar.test.AccountTest"/>
  <testcase name="createAccount" time="46.408" classname="com.provar.test.AccountTest"/>
  <testcase name="uploadFile" time="80.166" classname="com.provar.test.AccountTest"/>
  <testcase name="pageError" time="38.333" classname="com.provar.test.AccountTest"/>
  <testcase name="vfMapping" time="46.961" classname="com.provar.test.AccountTest"/>
  <testcase name="InlineAndAssert" time="86.415" classname="com.provar.test.AccountTest"/>
  <testcase name="Error_assertion" time="32.464" classname="com.provar.test.AccountTest"/>
</testsuite> <!-- com.provar.test.AccountTest -->
