<?xml version="1.0" encoding="UTF-8"?>
<!-- Generated by org.testng.reporters.JUnitReportReporter -->
<testsuite skipped="0" hostname="Nitesh" name="com.provar.test.AccountTest" tests="1" failures="0" timestamp="09 Oct 2017 10:16:22 GMT" time="32.098" errors="0">
  <testcase name="Error_assertion" time="32.098" classname="com.provar.test.AccountTest"/>
</testsuite> <!-- com.provar.test.AccountTest -->
