<?xml version="1.0" encoding="UTF-8"?>
<!-- Generated by org.testng.reporters.JUnitReportReporter -->
<testsuite skipped="0" hostname="Nitesh" name="com.provar.utilities.WriteExcel" tests="1" failures="0" timestamp="09 Oct 2017 14:58:52 GMT" time="0.557" errors="0">
  <testcase name="test" time="0.557" classname="com.provar.utilities.WriteExcel"/>
</testsuite> <!-- com.provar.utilities.WriteExcel -->
