<?xml version="1.0" encoding="UTF-8"?>
<!-- Generated by org.testng.reporters.JUnitReportReporter -->
<testsuite skipped="0" hostname="Nitesh" name="com.provar.utilities.ReadExcel" tests="1" failures="0" timestamp="09 Oct 2017 16:07:31 GMT" time="0.527" errors="0">
  <testcase name="test" time="0.527" classname="com.provar.utilities.ReadExcel"/>
</testsuite> <!-- com.provar.utilities.ReadExcel -->
